<?xml version="1.0" encoding="UTF-8"?>
<!-- Generated by org.testng.reporters.JUnitReportReporter -->
<testsuite hostname="DESKTOP-DF22MQA" failures="0" tests="2" name="dockerdemo.FirefoxDemo" time="63.226" errors="0" timestamp="2020-09-12T20:46:11 IST" skipped="0">
  <testcase classname="dockerdemo.FirefoxDemo" name="getTitle" time="38.204"/>
  <system-out/>
  <testcase classname="dockerdemo.FirefoxDemo" name="getTitle" time="25.022"/>
  <system-out/>
</testsuite> <!-- dockerdemo.FirefoxDemo -->
